[2K[1G[2m$ docusaurus build[22m
[36m[1m[INFO][22m[39m [34m[1m[en][22m[39m Creating an optimized production build...

[32mâ—[39m [32mClient[39m [37mâ–ˆ[39m[37mâ–ˆ[39m[37mâ–ˆ[39m[37mâ–ˆ[39m[37mâ–ˆ[39m[37mâ–ˆ[39m[37mâ–ˆ[39m[37mâ–ˆ[39m[37mâ–ˆ[39m[37mâ–ˆ[39m[37mâ–ˆ[39m[37mâ–ˆ[39m[37mâ–ˆ[39m[37mâ–ˆ[39m[37mâ–ˆ[39m[37mâ–ˆ[39m[37mâ–ˆ[39m[37mâ–ˆ[39m[37mâ–ˆ[39m[37mâ–ˆ[39m[37mâ–ˆ[39m[37mâ–ˆ[39m[37mâ–ˆ[39m[37mâ–ˆ[39m[37mâ–ˆ[39m  (0%)  
 

[33mâ—¯ Server[39m
[90m  [39m

[2K[1A[2K[1A[2K[1A[2K[1A[2K[1A[2K[1A[2K[1A[2K[G
[32mâ—[39m [32mClient[39m [32mâ–ˆ[39m[32mâ–ˆ[39m[32mâ–ˆ[39m[37mâ–ˆ[39m[37mâ–ˆ[39m[37mâ–ˆ[39m[37mâ–ˆ[39m[37mâ–ˆ[39m[37mâ–ˆ[39m[37mâ–ˆ[39m[37mâ–ˆ[39m[37mâ–ˆ[39m[37mâ–ˆ[39m[37mâ–ˆ[39m[37mâ–ˆ[39m[37mâ–ˆ[39m[37mâ–ˆ[39m[37mâ–ˆ[39m[37mâ–ˆ[39m[37mâ–ˆ[39m[37mâ–ˆ[39m[37mâ–ˆ[39m[37mâ–ˆ[39m[37mâ–ˆ[39m[37mâ–ˆ[39m building (10%) [90m0/1 entries 0/0 dependencies 0/0 modules 0 active[39m 
 

[33mâ—[39m [33mServer[39m [33mâ–ˆ[39m[33mâ–ˆ[39m[33mâ–ˆ[39m[37mâ–ˆ[39m[37mâ–ˆ[39m[37mâ–ˆ[39m[37mâ–ˆ[39m[37mâ–ˆ[39m[37mâ–ˆ[39m[37mâ–ˆ[39m[37mâ–ˆ[39m[37mâ–ˆ[39m[37mâ–ˆ[39m[37mâ–ˆ[39m[37mâ–ˆ[39m[37mâ–ˆ[39m[37mâ–ˆ[39m[37mâ–ˆ[39m[37mâ–ˆ[39m[37mâ–ˆ[39m[37mâ–ˆ[39m[37mâ–ˆ[39m[37mâ–ˆ[39m[37mâ–ˆ[39m[37mâ–ˆ[39m building (10%) [90m0/1 entries 1/1 dependencies 0/0 modules 0 active[39m 
 

[2K[1A[2K[1A[2K[1A[2K[1A[2K[1A[2K[1A[2K[1A[2K[G
[32mâ—[39m [32mClient[39m [32mâ–ˆ[39m[32mâ–ˆ[39m[32mâ–ˆ[39m[37mâ–ˆ[39m[37mâ–ˆ[39m[37mâ–ˆ[39m[37mâ–ˆ[39m[37mâ–ˆ[39m[37mâ–ˆ[39m[37mâ–ˆ[39m[37mâ–ˆ[39m[37mâ–ˆ[39m[37mâ–ˆ[39m[37mâ–ˆ[39m[37mâ–ˆ[39m[37mâ–ˆ[39m[37mâ–ˆ[39m[37mâ–ˆ[39m[37mâ–ˆ[39m[37mâ–ˆ[39m[37mâ–ˆ[39m[37mâ–ˆ[39m[37mâ–ˆ[39m[37mâ–ˆ[39m[37mâ–ˆ[39m building (10%) [90m0/1 entries 1/1 dependencies 0/0 modules 0 active[39m 
 

[33mâ—[39m [33mServer[39m [33mâ–ˆ[39m[33mâ–ˆ[39m[33mâ–ˆ[39m[37mâ–ˆ[39m[37mâ–ˆ[39m[37mâ–ˆ[39m[37mâ–ˆ[39m[37mâ–ˆ[39m[37mâ–ˆ[39m[37mâ–ˆ[39m[37mâ–ˆ[39m[37mâ–ˆ[39m[37mâ–ˆ[39m[37mâ–ˆ[39m[37mâ–ˆ[39m[37mâ–ˆ[39m[37mâ–ˆ[39m[37mâ–ˆ[39m[37mâ–ˆ[39m[37mâ–ˆ[39m[37mâ–ˆ[39m[37mâ–ˆ[39m[37mâ–ˆ[39m[37mâ–ˆ[39m[37mâ–ˆ[39m building (10%) [90m0/1 entries 1/1 dependencies 0/0 modules 0 active[39m 
 

[2K[1A[2K[1A[2K[1A[2K[1A[2K[1A[2K[1A[2K[1A[2K[G
[32mâ—[39m [32mClient[39m [32mâ–ˆ[39m[32mâ–ˆ[39m[32mâ–ˆ[39m[37mâ–ˆ[39m[37mâ–ˆ[39m[37mâ–ˆ[39m[37mâ–ˆ[39m[37mâ–ˆ[39m[37mâ–ˆ[39m[37mâ–ˆ[39m[37mâ–ˆ[39m[37mâ–ˆ[39m[37mâ–ˆ[39m[37mâ–ˆ[39m[37mâ–ˆ[39m[37mâ–ˆ[39m[37mâ–ˆ[39m[37mâ–ˆ[39m[37mâ–ˆ[39m[37mâ–ˆ[39m[37mâ–ˆ[39m[37mâ–ˆ[39m[37mâ–ˆ[39m[37mâ–ˆ[39m[37mâ–ˆ[39m building (10%) [90m0/1 entries 1/1 dependencies 0/0 modules 0 active[39m 
 

[33mâ—[39m [33mServer[39m [33mâ–ˆ[39m[33mâ–ˆ[39m[33mâ–ˆ[39m[37mâ–ˆ[39m[37mâ–ˆ[39m[37mâ–ˆ[39m[37mâ–ˆ[39m[37mâ–ˆ[39m[37mâ–ˆ[39m[37mâ–ˆ[39m[37mâ–ˆ[39m[37mâ–ˆ[39m[37mâ–ˆ[39m[37mâ–ˆ[39m[37mâ–ˆ[39m[37mâ–ˆ[39m[37mâ–ˆ[39m[37mâ–ˆ[39m[37mâ–ˆ[39m[37mâ–ˆ[39m[37mâ–ˆ[39m[37mâ–ˆ[39m[37mâ–ˆ[39m[37mâ–ˆ[39m[37mâ–ˆ[39m building (10%) [90m0/1 entries 453/745 dependencies 29/200 modules 0 active[39m 
 

[2K[1A[2K[1A[2K[1A[2K[1A[2K[1A[2K[1A[2K[1A[2K[G
[32mâ—[39m [32mClient[39m [32mâ–ˆ[39m[32mâ–ˆ[39m[32mâ–ˆ[39m[37mâ–ˆ[39m[37mâ–ˆ[39m[37mâ–ˆ[39m[37mâ–ˆ[39m[37mâ–ˆ[39m[37mâ–ˆ[39m[37mâ–ˆ[39m[37mâ–ˆ[39m[37mâ–ˆ[39m[37mâ–ˆ[39m[37mâ–ˆ[39m[37mâ–ˆ[39m[37mâ–ˆ[39m[37mâ–ˆ[39m[37mâ–ˆ[39m[37mâ–ˆ[39m[37mâ–ˆ[39m[37mâ–ˆ[39m[37mâ–ˆ[39m[37mâ–ˆ[39m[37mâ–ˆ[39m[37mâ–ˆ[39m building (11%) [90m0/1 entries 1200/1214 dependencies 117/531 modules 0 active[39m 
 

[33mâ—[39m [33mServer[39m [33mâ–ˆ[39m[33mâ–ˆ[39m[33mâ–ˆ[39m[37mâ–ˆ[39m[37mâ–ˆ[39m[37mâ–ˆ[39m[37mâ–ˆ[39m[37mâ–ˆ[39m[37mâ–ˆ[39m[37mâ–ˆ[39m[37mâ–ˆ[39m[37mâ–ˆ[39m[37mâ–ˆ[39m[37mâ–ˆ[39m[37mâ–ˆ[39m[37mâ–ˆ[39m[37mâ–ˆ[39m[37mâ–ˆ[39m[37mâ–ˆ[39m[37mâ–ˆ[39m[37mâ–ˆ[39m[37mâ–ˆ[39m[37mâ–ˆ[39m[37mâ–ˆ[39m[37mâ–ˆ[39m building (10%) [90m0/1 entries 453/745 dependencies 29/200 modules 0 active[39m 
 

[2K[1A[2K[1A[2K[1A[2K[1A[2K[1A[2K[1A[2K[1A[2K[G
[32mâ—[39m [32mClient[39m [32mâ–ˆ[39m[32mâ–ˆ[39m[32mâ–ˆ[39m[37mâ–ˆ[39m[37mâ–ˆ[39m[37mâ–ˆ[39m[37mâ–ˆ[39m[37mâ–ˆ[39m[37mâ–ˆ[39m[37mâ–ˆ[39m[37mâ–ˆ[39m[37mâ–ˆ[39m[37mâ–ˆ[39m[37mâ–ˆ[39m[37mâ–ˆ[39m[37mâ–ˆ[39m[37mâ–ˆ[39m[37mâ–ˆ[39m[37mâ–ˆ[39m[37mâ–ˆ[39m[37mâ–ˆ[39m[37mâ–ˆ[39m[37mâ–ˆ[39m[37mâ–ˆ[39m[37mâ–ˆ[39m building (11%) [90m0/1 entries 1200/1214 dependencies 117/531 modules 0 active[39m 
 

[33mâ—[39m [33mServer[39m [33mâ–ˆ[39m[33mâ–ˆ[39m[33mâ–ˆ[39m[33mâ–ˆ[39m[37mâ–ˆ[39m[37mâ–ˆ[39m[37mâ–ˆ[39m[37mâ–ˆ[39m[37mâ–ˆ[39m[37mâ–ˆ[39m[37mâ–ˆ[39m[37mâ–ˆ[39m[37mâ–ˆ[39m[37mâ–ˆ[39m[37mâ–ˆ[39m[37mâ–ˆ[39m[37mâ–ˆ[39m[37mâ–ˆ[39m[37mâ–ˆ[39m[37mâ–ˆ[39m[37mâ–ˆ[39m[37mâ–ˆ[39m[37mâ–ˆ[39m[37mâ–ˆ[39m[37mâ–ˆ[39m building (15%) [90m0/1 entries 2700/3313 dependencies 564/1022 modules 0 active[39m 
 

[2K[1A[2K[1A[2K[1A[2K[1A[2K[1A[2K[1A[2K[1A[2K[G
[32mâ—[39m [32mClient[39m [32mâ–ˆ[39m[32mâ–ˆ[39m[32mâ–ˆ[39m[37mâ–ˆ[39m[37mâ–ˆ[39m[37mâ–ˆ[39m[37mâ–ˆ[39m[37mâ–ˆ[39m[37mâ–ˆ[39m[37mâ–ˆ[39m[37mâ–ˆ[39m[37mâ–ˆ[39m[37mâ–ˆ[39m[37mâ–ˆ[39m[37mâ–ˆ[39m[37mâ–ˆ[39m[37mâ–ˆ[39m[37mâ–ˆ[39m[37mâ–ˆ[39m[37mâ–ˆ[39m[37mâ–ˆ[39m[37mâ–ˆ[39m[37mâ–ˆ[39m[37mâ–ˆ[39m[37mâ–ˆ[39m building (11%) [90m0/1 entries 1798/1800 dependencies 119/553 modules 0 active[39m 
 

[33mâ—[39m [33mServer[39m [33mâ–ˆ[39m[33mâ–ˆ[39m[33mâ–ˆ[39m[33mâ–ˆ[39m[37mâ–ˆ[39m[37mâ–ˆ[39m[37mâ–ˆ[39m[37mâ–ˆ[39m[37mâ–ˆ[39m[37mâ–ˆ[39m[37mâ–ˆ[39m[37mâ–ˆ[39m[37mâ–ˆ[39m[37mâ–ˆ[39m[37mâ–ˆ[39m[37mâ–ˆ[39m[37mâ–ˆ[39m[37mâ–ˆ[39m[37mâ–ˆ[39m[37mâ–ˆ[39m[37mâ–ˆ[39m[37mâ–ˆ[39m[37mâ–ˆ[39m[37mâ–ˆ[39m[37mâ–ˆ[39m building (15%) [90m0/1 entries 2700/3313 dependencies 564/1022 modules 0 active[39m 
 

[2K[1A[2K[1A[2K[1A[2K[1A[2K[1A[2K[1A[2K[1A[2K[G
[32mâ—[39m [32mClient[39m [32mâ–ˆ[39m[32mâ–ˆ[39m[32mâ–ˆ[39m[32mâ–ˆ[39m[32mâ–ˆ[39m[37mâ–ˆ[39m[37mâ–ˆ[39m[37mâ–ˆ[39m[37mâ–ˆ[39m[37mâ–ˆ[39m[37mâ–ˆ[39m[37mâ–ˆ[39m[37mâ–ˆ[39m[37mâ–ˆ[39m[37mâ–ˆ[39m[37mâ–ˆ[39m[37mâ–ˆ[39m[37mâ–ˆ[39m[37mâ–ˆ[39m[37mâ–ˆ[39m[37mâ–ˆ[39m[37mâ–ˆ[39m[37mâ–ˆ[39m[37mâ–ˆ[39m[37mâ–ˆ[39m building (18%) [90m0/1 entries 3300/3660 dependencies 865/1054 modules 0 active[39m 
 

[33mâ—[39m [33mServer[39m [33mâ–ˆ[39m[33mâ–ˆ[39m[33mâ–ˆ[39m[33mâ–ˆ[39m[33mâ–ˆ[39m[33mâ–ˆ[39m[37mâ–ˆ[39m[37mâ–ˆ[39m[37mâ–ˆ[39m[37mâ–ˆ[39m[37mâ–ˆ[39m[37mâ–ˆ[39m[37mâ–ˆ[39m[37mâ–ˆ[39m[37mâ–ˆ[39m[37mâ–ˆ[39m[37mâ–ˆ[39m[37mâ–ˆ[39m[37mâ–ˆ[39m[37mâ–ˆ[39m[37mâ–ˆ[39m[37mâ–ˆ[39m[37mâ–ˆ[39m[37mâ–ˆ[39m[37mâ–ˆ[39m building (22%) [90m0/1 entries 4900/5080 dependencies 1174/1640 modules 0 active[39m 
 

[2K[1A[2K[1A[2K[1A[2K[1A[2K[1A[2K[1A[2K[1A[2K[G
[32mâ—[39m [32mClient[39m [32mâ–ˆ[39m[32mâ–ˆ[39m[32mâ–ˆ[39m[32mâ–ˆ[39m[32mâ–ˆ[39m[37mâ–ˆ[39m[37mâ–ˆ[39m[37mâ–ˆ[39m[37mâ–ˆ[39m[37mâ–ˆ[39m[37mâ–ˆ[39m[37mâ–ˆ[39m[37mâ–ˆ[39m[37mâ–ˆ[39m[37mâ–ˆ[39m[37mâ–ˆ[39m[37mâ–ˆ[39m[37mâ–ˆ[39m[37mâ–ˆ[39m[37mâ–ˆ[39m[37mâ–ˆ[39m[37mâ–ˆ[39m[37mâ–ˆ[39m[37mâ–ˆ[39m[37mâ–ˆ[39m building (18%) [90m0/1 entries 3300/3660 dependencies 865/1054 modules 0 active[39m 
 

[33mâ—[39m [33mServer[39m [33mâ–ˆ[39m[33mâ–ˆ[39m[33mâ–ˆ[39m[33mâ–ˆ[39m[33mâ–ˆ[39m[33mâ–ˆ[39m[33mâ–ˆ[39m[33mâ–ˆ[39m[33mâ–ˆ[39m[33mâ–ˆ[39m[33mâ–ˆ[39m[33mâ–ˆ[39m[33mâ–ˆ[39m[37mâ–ˆ[39m[37mâ–ˆ[39m[37mâ–ˆ[39m[37mâ–ˆ[39m[37mâ–ˆ[39m[37mâ–ˆ[39m[37mâ–ˆ[39m[37mâ–ˆ[39m[37mâ–ˆ[39m[37mâ–ˆ[39m[37mâ–ˆ[39m[37mâ–ˆ[39m building (52%) [90m0/1 entries 13100/13631 dependencies 4045/4816 modules 0 active[39m 
 

[2K[1A[2K[1A[2K[1A[2K[1A[2K[1A[2K[1A[2K[1A[2K[G
[32mâ—[39m [32mClient[39m [32mâ–ˆ[39m[32mâ–ˆ[39m[32mâ–ˆ[39m[32mâ–ˆ[39m[32mâ–ˆ[39m[32mâ–ˆ[39m[37mâ–ˆ[39m[37mâ–ˆ[39m[37mâ–ˆ[39m[37mâ–ˆ[39m[37mâ–ˆ[39m[37mâ–ˆ[39m[37mâ–ˆ[39m[37mâ–ˆ[39m[37mâ–ˆ[39m[37mâ–ˆ[39m[37mâ–ˆ[39m[37mâ–ˆ[39m[37mâ–ˆ[39m[37mâ–ˆ[39m[37mâ–ˆ[39m[37mâ–ˆ[39m[37mâ–ˆ[39m[37mâ–ˆ[39m[37mâ–ˆ[39m building (21%) [90m0/1 entries 4500/5051 dependencies 1117/1430 modules 0 active[39m 
 

[33mâ—[39m [33mServer[39m [33mâ–ˆ[39m[33mâ–ˆ[39m[33mâ–ˆ[39m[33mâ–ˆ[39m[33mâ–ˆ[39m[33mâ–ˆ[39m[33mâ–ˆ[39m[33mâ–ˆ[39m[33mâ–ˆ[39m[33mâ–ˆ[39m[33mâ–ˆ[39m[33mâ–ˆ[39m[33mâ–ˆ[39m[33mâ–ˆ[39m[33mâ–ˆ[39m[33mâ–ˆ[39m[37mâ–ˆ[39m[37mâ–ˆ[39m[37mâ–ˆ[39m[37mâ–ˆ[39m[37mâ–ˆ[39m[37mâ–ˆ[39m[37mâ–ˆ[39m[37mâ–ˆ[39m[37mâ–ˆ[39m building (63%) [90m0/1 entries 14508/14526 dependencies 5141/5200 modules 0 active[39m 
 

[2K[1A[2K[1A[2K[1A[2K[1A[2K[1A[2K[1A[2K[1A[2K[G
[32mâ—[39m [32mClient[39m [32mâ–ˆ[39m[32mâ–ˆ[39m[32mâ–ˆ[39m[32mâ–ˆ[39m[32mâ–ˆ[39m[32mâ–ˆ[39m[32mâ–ˆ[39m[32mâ–ˆ[39m[32mâ–ˆ[39m[32mâ–ˆ[39m[32mâ–ˆ[39m[32mâ–ˆ[39m[32mâ–ˆ[39m[32mâ–ˆ[39m[32mâ–ˆ[39m[32mâ–ˆ[39m[37mâ–ˆ[39m[37mâ–ˆ[39m[37mâ–ˆ[39m[37mâ–ˆ[39m[37mâ–ˆ[39m[37mâ–ˆ[39m[37mâ–ˆ[39m[37mâ–ˆ[39m[37mâ–ˆ[39m building (61%) [90m0/1 entries 14669/14689 dependencies 5000/5136 modules 0 active[39m 
 

[33mâ—[39m [33mServer[39m [33mâ–ˆ[39m[33mâ–ˆ[39m[33mâ–ˆ[39m[33mâ–ˆ[39m[33mâ–ˆ[39m[33mâ–ˆ[39m[33mâ–ˆ[39m[33mâ–ˆ[39m[33mâ–ˆ[39m[33mâ–ˆ[39m[33mâ–ˆ[39m[33mâ–ˆ[39m[33mâ–ˆ[39m[33mâ–ˆ[39m[33mâ–ˆ[39m[33mâ–ˆ[39m[37mâ–ˆ[39m[37mâ–ˆ[39m[37mâ–ˆ[39m[37mâ–ˆ[39m[37mâ–ˆ[39m[37mâ–ˆ[39m[37mâ–ˆ[39m[37mâ–ˆ[39m[37mâ–ˆ[39m building (63%) [90m0/1 entries 14508/14526 dependencies 5141/5200 modules 0 active[39m 
 

[2K[1A[2K[1A[2K[1A[2K[1A[2K[1A[2K[1A[2K[1A[2K[G
[32mâ—[39m [32mClient[39m [32mâ–ˆ[39m[32mâ–ˆ[39m[32mâ–ˆ[39m[32mâ–ˆ[39m[32mâ–ˆ[39m[32mâ–ˆ[39m[32mâ–ˆ[39m[32mâ–ˆ[39m[32mâ–ˆ[39m[32mâ–ˆ[39m[32mâ–ˆ[39m[32mâ–ˆ[39m[32mâ–ˆ[39m[32mâ–ˆ[39m[32mâ–ˆ[39m[32mâ–ˆ[39m[37mâ–ˆ[39m[37mâ–ˆ[39m[37mâ–ˆ[39m[37mâ–ˆ[39m[37mâ–ˆ[39m[37mâ–ˆ[39m[37mâ–ˆ[39m[37mâ–ˆ[39m[37mâ–ˆ[39m building (61%) [90m0/1 entries 14669/14689 dependencies 5000/5136 modules 0 active[39m 
 

[33mâ—[39m [33mServer[39m [33mâ–ˆ[39m[33mâ–ˆ[39m[33mâ–ˆ[39m[33mâ–ˆ[39m[33mâ–ˆ[39m[33mâ–ˆ[39m[33mâ–ˆ[39m[33mâ–ˆ[39m[33mâ–ˆ[39m[33mâ–ˆ[39m[33mâ–ˆ[39m[33mâ–ˆ[39m[33mâ–ˆ[39m[33mâ–ˆ[39m[33mâ–ˆ[39m[33mâ–ˆ[39m[37mâ–ˆ[39m[37mâ–ˆ[39m[37mâ–ˆ[39m[37mâ–ˆ[39m[37mâ–ˆ[39m[37mâ–ˆ[39m[37mâ–ˆ[39m[37mâ–ˆ[39m[37mâ–ˆ[39m building (64%) [90m1/1 entries 14671/14671 dependencies 5278/5278 modules 0 active[39m 
 

[2K[1A[2K[1A[2K[1A[2K[1A[2K[1A[2K[1A[2K[1A[2K[G
[32mâ—[39m [32mClient[39m [32mâ–ˆ[39m[32mâ–ˆ[39m[32mâ–ˆ[39m[32mâ–ˆ[39m[32mâ–ˆ[39m[32mâ–ˆ[39m[32mâ–ˆ[39m[32mâ–ˆ[39m[32mâ–ˆ[39m[32mâ–ˆ[39m[32mâ–ˆ[39m[32mâ–ˆ[39m[32mâ–ˆ[39m[32mâ–ˆ[39m[32mâ–ˆ[39m[32mâ–ˆ[39m[37mâ–ˆ[39m[37mâ–ˆ[39m[37mâ–ˆ[39m[37mâ–ˆ[39m[37mâ–ˆ[39m[37mâ–ˆ[39m[37mâ–ˆ[39m[37mâ–ˆ[39m[37mâ–ˆ[39m building (61%) [90m0/1 entries 14669/14689 dependencies 5000/5136 modules 0 active[39m 
 

[33mâ—[39m [33mServer[39m [33mâ–ˆ[39m[33mâ–ˆ[39m[33mâ–ˆ[39m[33mâ–ˆ[39m[33mâ–ˆ[39m[33mâ–ˆ[39m[33mâ–ˆ[39m[33mâ–ˆ[39m[33mâ–ˆ[39m[33mâ–ˆ[39m[33mâ–ˆ[39m[33mâ–ˆ[39m[33mâ–ˆ[39m[33mâ–ˆ[39m[33mâ–ˆ[39m[33mâ–ˆ[39m[33mâ–ˆ[39m[33mâ–ˆ[39m[37mâ–ˆ[39m[37mâ–ˆ[39m[37mâ–ˆ[39m[37mâ–ˆ[39m[37mâ–ˆ[39m[37mâ–ˆ[39m[37mâ–ˆ[39m sealing (70%)  
 [90mplugins[39m

[2K[1A[2K[1A[2K[1A[2K[1A[2K[1A[2K[1A[2K[1A[2K[G
[32mâ—[39m [32mClient[39m [32mâ–ˆ[39m[32mâ–ˆ[39m[32mâ–ˆ[39m[32mâ–ˆ[39m[32mâ–ˆ[39m[32mâ–ˆ[39m[32mâ–ˆ[39m[32mâ–ˆ[39m[32mâ–ˆ[39m[32mâ–ˆ[39m[32mâ–ˆ[39m[32mâ–ˆ[39m[32mâ–ˆ[39m[32mâ–ˆ[39m[32mâ–ˆ[39m[32mâ–ˆ[39m[37mâ–ˆ[39m[37mâ–ˆ[39m[37mâ–ˆ[39m[37mâ–ˆ[39m[37mâ–ˆ[39m[37mâ–ˆ[39m[37mâ–ˆ[39m[37mâ–ˆ[39m[37mâ–ˆ[39m building (61%) [90m0/1 entries 14669/14689 dependencies 5000/5136 modules 0 active[39m 
 

[33mâ—[39m [33mServer[39m [33mâ–ˆ[39m[33mâ–ˆ[39m[33mâ–ˆ[39m[33mâ–ˆ[39m[33mâ–ˆ[39m[33mâ–ˆ[39m[33mâ–ˆ[39m[33mâ–ˆ[39m[33mâ–ˆ[39m[33mâ–ˆ[39m[33mâ–ˆ[39m[33mâ–ˆ[39m[33mâ–ˆ[39m[33mâ–ˆ[39m[33mâ–ˆ[39m[33mâ–ˆ[39m[33mâ–ˆ[39m[33mâ–ˆ[39m[37mâ–ˆ[39m[37mâ–ˆ[39m[37mâ–ˆ[39m[37mâ–ˆ[39m[37mâ–ˆ[39m[37mâ–ˆ[39m[37mâ–ˆ[39m sealing (71%)  
 [90mdependencies optimization[39m

[2K[1A[2K[1A[2K[1A[2K[1A[2K[1A[2K[1A[2K[1A[2K[G
[32mâ—[39m [32mClient[39m [32mâ–ˆ[39m[32mâ–ˆ[39m[32mâ–ˆ[39m[32mâ–ˆ[39m[32mâ–ˆ[39m[32mâ–ˆ[39m[32mâ–ˆ[39m[32mâ–ˆ[39m[32mâ–ˆ[39m[32mâ–ˆ[39m[32mâ–ˆ[39m[32mâ–ˆ[39m[32mâ–ˆ[39m[32mâ–ˆ[39m[32mâ–ˆ[39m[32mâ–ˆ[39m[37mâ–ˆ[39m[37mâ–ˆ[39m[37mâ–ˆ[39m[37mâ–ˆ[39m[37mâ–ˆ[39m[37mâ–ˆ[39m[37mâ–ˆ[39m[37mâ–ˆ[39m[37mâ–ˆ[39m building (61%) [90m0/1 entries 14669/14689 dependencies 5000/5136 modules 0 active[39m 
 

[33mâ—[39m [33mServer[39m [33mâ–ˆ[39m[33mâ–ˆ[39m[33mâ–ˆ[39m[33mâ–ˆ[39m[33mâ–ˆ[39m[33mâ–ˆ[39m[33mâ–ˆ[39m[33mâ–ˆ[39m[33mâ–ˆ[39m[33mâ–ˆ[39m[33mâ–ˆ[39m[33mâ–ˆ[39m[33mâ–ˆ[39m[33mâ–ˆ[39m[33mâ–ˆ[39m[33mâ–ˆ[39m[33mâ–ˆ[39m[33mâ–ˆ[39m[33mâ–ˆ[39m[33mâ–ˆ[39m[37mâ–ˆ[39m[37mâ–ˆ[39m[37mâ–ˆ[39m[37mâ–ˆ[39m[37mâ–ˆ[39m sealing (78%)  
 [90mchunk modules optimization[39m

[2K[1A[2K[1A[2K[1A[2K[1A[2K[1A[2K[1A[2K[1A[2K[G
[32mâ—[39m [32mClient[39m [32mâ–ˆ[39m[32mâ–ˆ[39m[32mâ–ˆ[39m[32mâ–ˆ[39m[32mâ–ˆ[39m[32mâ–ˆ[39m[32mâ–ˆ[39m[32mâ–ˆ[39m[32mâ–ˆ[39m[32mâ–ˆ[39m[32mâ–ˆ[39m[32mâ–ˆ[39m[32mâ–ˆ[39m[32mâ–ˆ[39m[32mâ–ˆ[39m[32mâ–ˆ[39m[37mâ–ˆ[39m[37mâ–ˆ[39m[37mâ–ˆ[39m[37mâ–ˆ[39m[37mâ–ˆ[39m[37mâ–ˆ[39m[37mâ–ˆ[39m[37mâ–ˆ[39m[37mâ–ˆ[39m building (61%) [90m0/1 entries 14669/14689 dependencies 5000/5136 modules 0 active[39m 
 

[33mâ—[39m [33mServer[39m [33mâ–ˆ[39m[33mâ–ˆ[39m[33mâ–ˆ[39m[33mâ–ˆ[39m[33mâ–ˆ[39m[33mâ–ˆ[39m[33mâ–ˆ[39m[33mâ–ˆ[39m[33mâ–ˆ[39m[33mâ–ˆ[39m[33mâ–ˆ[39m[33mâ–ˆ[39m[33mâ–ˆ[39m[33mâ–ˆ[39m[33mâ–ˆ[39m[33mâ–ˆ[39m[33mâ–ˆ[39m[33mâ–ˆ[39m[33mâ–ˆ[39m[33mâ–ˆ[39m[33mâ–ˆ[39m[33mâ–ˆ[39m[37mâ–ˆ[39m[37mâ–ˆ[39m[37mâ–ˆ[39m sealing (87%)  
 [90mcode generation[39m

[2K[1A[2K[1A[2K[1A[2K[1A[2K[1A[2K[1A[2K[1A[2K[G
[32mâ—[39m [32mClient[39m [32mâ–ˆ[39m[32mâ–ˆ[39m[32mâ–ˆ[39m[32mâ–ˆ[39m[32mâ–ˆ[39m[32mâ–ˆ[39m[32mâ–ˆ[39m[32mâ–ˆ[39m[32mâ–ˆ[39m[32mâ–ˆ[39m[32mâ–ˆ[39m[32mâ–ˆ[39m[32mâ–ˆ[39m[32mâ–ˆ[39m[32mâ–ˆ[39m[32mâ–ˆ[39m[37mâ–ˆ[39m[37mâ–ˆ[39m[37mâ–ˆ[39m[37mâ–ˆ[39m[37mâ–ˆ[39m[37mâ–ˆ[39m[37mâ–ˆ[39m[37mâ–ˆ[39m[37mâ–ˆ[39m building (61%) [90m0/1 entries 14669/14689 dependencies 5000/5136 modules 0 active[39m 
 

[33mâ—[39m [33mServer[39m [33mâ–ˆ[39m[33mâ–ˆ[39m[33mâ–ˆ[39m[33mâ–ˆ[39m[33mâ–ˆ[39m[33mâ–ˆ[39m[33mâ–ˆ[39m[33mâ–ˆ[39m[33mâ–ˆ[39m[33mâ–ˆ[39m[33mâ–ˆ[39m[33mâ–ˆ[39m[33mâ–ˆ[39m[33mâ–ˆ[39m[33mâ–ˆ[39m[33mâ–ˆ[39m[33mâ–ˆ[39m[33mâ–ˆ[39m[33mâ–ˆ[39m[33mâ–ˆ[39m[33mâ–ˆ[39m[33mâ–ˆ[39m[33mâ–ˆ[39m[33mâ–ˆ[39m[37mâ–ˆ[39m sealing (93%)  
 [90mrecording[39m

[2K[1A[2K[1A[2K[1A[2K[1A[2K[1A[2K[1A[2K[1A[2K[G
[32mâ—[39m [32mClient[39m [32mâ–ˆ[39m[32mâ–ˆ[39m[32mâ–ˆ[39m[32mâ–ˆ[39m[32mâ–ˆ[39m[32mâ–ˆ[39m[32mâ–ˆ[39m[32mâ–ˆ[39m[32mâ–ˆ[39m[32mâ–ˆ[39m[32mâ–ˆ[39m[32mâ–ˆ[39m[32mâ–ˆ[39m[32mâ–ˆ[39m[32mâ–ˆ[39m[32mâ–ˆ[39m[37mâ–ˆ[39m[37mâ–ˆ[39m[37mâ–ˆ[39m[37mâ–ˆ[39m[37mâ–ˆ[39m[37mâ–ˆ[39m[37mâ–ˆ[39m[37mâ–ˆ[39m[37mâ–ˆ[39m building (61%) [90m0/1 entries 14669/14689 dependencies 5000/5136 modules 0 active[39m 
 

[33mâœ” Server[39m
[90m  Compiled successfully in 5.84s[39m

[2K[1A[2K[1A[2K[1A[2K[1A[2K[1A[2K[1A[2K[1A[2K[G
[32mâ—[39m [32mClient[39m [32mâ–ˆ[39m[32mâ–ˆ[39m[32mâ–ˆ[39m[32mâ–ˆ[39m[32mâ–ˆ[39m[32mâ–ˆ[39m[32mâ–ˆ[39m[32mâ–ˆ[39m[32mâ–ˆ[39m[32mâ–ˆ[39m[32mâ–ˆ[39m[32mâ–ˆ[39m[32mâ–ˆ[39m[32mâ–ˆ[39m[32mâ–ˆ[39m[32mâ–ˆ[39m[32mâ–ˆ[39m[32mâ–ˆ[39m[37mâ–ˆ[39m[37mâ–ˆ[39m[37mâ–ˆ[39m[37mâ–ˆ[39m[37mâ–ˆ[39m[37mâ–ˆ[39m[37mâ–ˆ[39m sealing (70%) [90mfinish module graph[39m 
 [90mInnerGraphPlugin[39m

[33mâœ” Server[39m
[90m  [39m

[2K[1A[2K[1A[2K[1A[2K[1A[2K[1A[2K[1A[2K[1A[2K[G
[32mâ—[39m [32mClient[39m [32mâ–ˆ[39m[32mâ–ˆ[39m[32mâ–ˆ[39m[32mâ–ˆ[39m[32mâ–ˆ[39m[32mâ–ˆ[39m[32mâ–ˆ[39m[32mâ–ˆ[39m[32mâ–ˆ[39m[32mâ–ˆ[39m[32mâ–ˆ[39m[32mâ–ˆ[39m[32mâ–ˆ[39m[32mâ–ˆ[39m[32mâ–ˆ[39m[32mâ–ˆ[39m[32mâ–ˆ[39m[32mâ–ˆ[39m[37mâ–ˆ[39m[37mâ–ˆ[39m[37mâ–ˆ[39m[37mâ–ˆ[39m[37mâ–ˆ[39m[37mâ–ˆ[39m[37mâ–ˆ[39m sealing (71%)  
 [90mdependencies optimization[39m

[33mâœ” Server[39m
[90m  [39m

[2K[1A[2K[1A[2K[1A[2K[1A[2K[1A[2K[1A[2K[1A[2K[G
[32mâ—[39m [32mClient[39m [32mâ–ˆ[39m[32mâ–ˆ[39m[32mâ–ˆ[39m[32mâ–ˆ[39m[32mâ–ˆ[39m[32mâ–ˆ[39m[32mâ–ˆ[39m[32mâ–ˆ[39m[32mâ–ˆ[39m[32mâ–ˆ[39m[32mâ–ˆ[39m[32mâ–ˆ[39m[32mâ–ˆ[39m[32mâ–ˆ[39m[32mâ–ˆ[39m[32mâ–ˆ[39m[32mâ–ˆ[39m[32mâ–ˆ[39m[32mâ–ˆ[39m[37mâ–ˆ[39m[37mâ–ˆ[39m[37mâ–ˆ[39m[37mâ–ˆ[39m[37mâ–ˆ[39m[37mâ–ˆ[39m sealing (75%) [90mchunk optimization[39m 
 [90mRemoveEmptyChunksPlugin[39m

[33mâœ” Server[39m
[90m  [39m

[2K[1A[2K[1A[2K[1A[2K[1A[2K[1A[2K[1A[2K[1A[2K[G
[32mâ—[39m [32mClient[39m [32mâ–ˆ[39m[32mâ–ˆ[39m[32mâ–ˆ[39m[32mâ–ˆ[39m[32mâ–ˆ[39m[32mâ–ˆ[39m[32mâ–ˆ[39m[32mâ–ˆ[39m[32mâ–ˆ[39m[32mâ–ˆ[39m[32mâ–ˆ[39m[32mâ–ˆ[39m[32mâ–ˆ[39m[32mâ–ˆ[39m[32mâ–ˆ[39m[32mâ–ˆ[39m[32mâ–ˆ[39m[32mâ–ˆ[39m[32mâ–ˆ[39m[32mâ–ˆ[39m[37mâ–ˆ[39m[37mâ–ˆ[39m[37mâ–ˆ[39m[37mâ–ˆ[39m[37mâ–ˆ[39m sealing (78%)  
 [90mchunk modules optimization[39m

[33mâœ” Server[39m
[90m  [39m

[2K[1A[2K[1A[2K[1A[2K[1A[2K[1A[2K[1A[2K[1A[2K[G
[32mâ—[39m [32mClient[39m [32mâ–ˆ[39m[32mâ–ˆ[39m[32mâ–ˆ[39m[32mâ–ˆ[39m[32mâ–ˆ[39m[32mâ–ˆ[39m[32mâ–ˆ[39m[32mâ–ˆ[39m[32mâ–ˆ[39m[32mâ–ˆ[39m[32mâ–ˆ[39m[32mâ–ˆ[39m[32mâ–ˆ[39m[32mâ–ˆ[39m[32mâ–ˆ[39m[32mâ–ˆ[39m[32mâ–ˆ[39m[32mâ–ˆ[39m[32mâ–ˆ[39m[32mâ–ˆ[39m[32mâ–ˆ[39m[32mâ–ˆ[39m[37mâ–ˆ[39m[37mâ–ˆ[39m[37mâ–ˆ[39m sealing (87%)  
 [90mcode generation[39m

[33mâœ” Server[39m
[90m  [39m

[2K[1A[2K[1A[2K[1A[2K[1A[2K[1A[2K[1A[2K[1A[2K[G
[32mâ—[39m [32mClient[39m [32mâ–ˆ[39m[32mâ–ˆ[39m[32mâ–ˆ[39m[32mâ–ˆ[39m[32mâ–ˆ[39m[32mâ–ˆ[39m[32mâ–ˆ[39m[32mâ–ˆ[39m[32mâ–ˆ[39m[32mâ–ˆ[39m[32mâ–ˆ[39m[32mâ–ˆ[39m[32mâ–ˆ[39m[32mâ–ˆ[39m[32mâ–ˆ[39m[32mâ–ˆ[39m[32mâ–ˆ[39m[32mâ–ˆ[39m[32mâ–ˆ[39m[32mâ–ˆ[39m[32mâ–ˆ[39m[32mâ–ˆ[39m[32mâ–ˆ[39m[37mâ–ˆ[39m[37mâ–ˆ[39m sealing (92%)  
 [90masset processing[39m

[33mâœ” Server[39m
[90m  [39m

[2K[1A[2K[1A[2K[1A[2K[1A[2K[1A[2K[1A[2K[1A[2K[G
[32mâ—[39m [32mClient[39m [32mâ–ˆ[39m[32mâ–ˆ[39m[32mâ–ˆ[39m[32mâ–ˆ[39m[32mâ–ˆ[39m[32mâ–ˆ[39m[32mâ–ˆ[39m[32mâ–ˆ[39m[32mâ–ˆ[39m[32mâ–ˆ[39m[32mâ–ˆ[39m[32mâ–ˆ[39m[32mâ–ˆ[39m[32mâ–ˆ[39m[32mâ–ˆ[39m[32mâ–ˆ[39m[32mâ–ˆ[39m[32mâ–ˆ[39m[32mâ–ˆ[39m[32mâ–ˆ[39m[32mâ–ˆ[39m[32mâ–ˆ[39m[32mâ–ˆ[39m[32mâ–ˆ[39m[32mâ–ˆ[39m emitting (98%)  
 [90mafter emit[39m

[33mâœ” Server[39m
[90m  [39m

[2K[1A[2K[1A[2K[1A[2K[1A[2K[1A[2K[1A[2K[1A[2K[G
[32mâœ” Client[39m
[90m  Compiled successfully in 6.35s[39m

[33mâœ” Server[39m
[90m  [39m


[32mâ—[39m [32mClient[39m [32mâ–ˆ[39m[32mâ–ˆ[39m[32mâ–ˆ[39m[32mâ–ˆ[39m[32mâ–ˆ[39m[32mâ–ˆ[39m[32mâ–ˆ[39m[32mâ–ˆ[39m[32mâ–ˆ[39m[32mâ–ˆ[39m[32mâ–ˆ[39m[32mâ–ˆ[39m[32mâ–ˆ[39m[32mâ–ˆ[39m[32mâ–ˆ[39m[32mâ–ˆ[39m[32mâ–ˆ[39m[32mâ–ˆ[39m[32mâ–ˆ[39m[32mâ–ˆ[39m[32mâ–ˆ[39m[32mâ–ˆ[39m[32mâ–ˆ[39m[32mâ–ˆ[39m[32mâ–ˆ[39m cache (99%) [90mshutdown[39m [90mIdleFileCachePlugin[39m
 [90mresolve build dependencies[39m

[33mâ—[39m [33mServer[39m [33mâ–ˆ[39m[33mâ–ˆ[39m[33mâ–ˆ[39m[33mâ–ˆ[39m[33mâ–ˆ[39m[33mâ–ˆ[39m[33mâ–ˆ[39m[33mâ–ˆ[39m[33mâ–ˆ[39m[33mâ–ˆ[39m[33mâ–ˆ[39m[33mâ–ˆ[39m[33mâ–ˆ[39m[33mâ–ˆ[39m[33mâ–ˆ[39m[33mâ–ˆ[39m[33mâ–ˆ[39m[33mâ–ˆ[39m[33mâ–ˆ[39m[33mâ–ˆ[39m[33mâ–ˆ[39m[33mâ–ˆ[39m[33mâ–ˆ[39m[33mâ–ˆ[39m[33mâ–ˆ[39m cache (99%) [90mshutdown[39m [90mIdleFileCachePlugin[39m
 [90mresolving[39m

[2K[1A[2K[1A[2K[1A[2K[1A[2K[1A[2K[1A[2K[1A[2K[G
[32mâ—[39m [32mClient[39m [32mâ–ˆ[39m[32mâ–ˆ[39m[32mâ–ˆ[39m[32mâ–ˆ[39m[32mâ–ˆ[39m[32mâ–ˆ[39m[32mâ–ˆ[39m[32mâ–ˆ[39m[32mâ–ˆ[39m[32mâ–ˆ[39m[32mâ–ˆ[39m[32mâ–ˆ[39m[32mâ–ˆ[39m[32mâ–ˆ[39m[32mâ–ˆ[39m[32mâ–ˆ[39m[32mâ–ˆ[39m[32mâ–ˆ[39m[32mâ–ˆ[39m[32mâ–ˆ[39m[32mâ–ˆ[39m[32mâ–ˆ[39m[32mâ–ˆ[39m[32mâ–ˆ[39m[32mâ–ˆ[39m cache (99%) [90mshutdown[39m [90mIdleFileCachePlugin[39m
 [90mresolving[39m

[33mâ—[39m [33mServer[39m [33mâ–ˆ[39m[33mâ–ˆ[39m[33mâ–ˆ[39m[33mâ–ˆ[39m[33mâ–ˆ[39m[33mâ–ˆ[39m[33mâ–ˆ[39m[33mâ–ˆ[39m[33mâ–ˆ[39m[33mâ–ˆ[39m[33mâ–ˆ[39m[33mâ–ˆ[39m[33mâ–ˆ[39m[33mâ–ˆ[39m[33mâ–ˆ[39m[33mâ–ˆ[39m[33mâ–ˆ[39m[33mâ–ˆ[39m[33mâ–ˆ[39m[33mâ–ˆ[39m[33mâ–ˆ[39m[33mâ–ˆ[39m[33mâ–ˆ[39m[33mâ–ˆ[39m[33mâ–ˆ[39m cache (99%) [90mshutdown[39m [90mIdleFileCachePlugin[39m
 [90mserialize pack[39m

[2K[1A[2K[1A[2K[1A[2K[1A[2K[1A[2K[1A[2K[1A[2K[G
[32mâ—[39m [32mClient[39m [32mâ–ˆ[39m[32mâ–ˆ[39m[32mâ–ˆ[39m[32mâ–ˆ[39m[32mâ–ˆ[39m[32mâ–ˆ[39m[32mâ–ˆ[39m[32mâ–ˆ[39m[32mâ–ˆ[39m[32mâ–ˆ[39m[32mâ–ˆ[39m[32mâ–ˆ[39m[32mâ–ˆ[39m[32mâ–ˆ[39m[32mâ–ˆ[39m[32mâ–ˆ[39m[32mâ–ˆ[39m[32mâ–ˆ[39m[32mâ–ˆ[39m[32mâ–ˆ[39m[32mâ–ˆ[39m[32mâ–ˆ[39m[32mâ–ˆ[39m[32mâ–ˆ[39m[32mâ–ˆ[39m cache (99%) [90mshutdown[39m [90mIdleFileCachePlugin[39m
 [90mstored[39m

[33mâœ” Server[39m
[90m  [39m

[33m[1m[WARNING][22m Docusaurus found broken anchors![39m
[33m[39m
[33mPlease check the pages of your site in the list below, and make sure you don't reference any anchor that does not exist.[39m
[33mNote: it's possible to ignore broken anchors with the 'onBrokenAnchors' Docusaurus configuration, and let the build pass.[39m
[33m[39m
[33mExhaustive list of all broken anchors found:[39m
[33m- Broken anchor on source page path = /dotnet/how-to/build-pipeline:[39m
[33m   -> linking to /dotnet/how-to/build-pipeline#deploy[39m
[33m   -> linking to /dotnet/how-to/build-pipeline#how-to-use-wildcard-in-path[39m
[33m   -> linking to /dotnet/how-to/create#set-environment-variables[39m
[33m- Broken anchor on source page path = /dotnet/how-to/build-process:[39m
[33m   -> linking to /dotnet/how-to/build-process#customise-dotnet-build-environment[39m
[33m   -> linking to /dotnet/how-to/build-pipeline#build[39m
[33m- Broken anchor on source page path = /dotnet/how-to/deploy-process:[39m
[33m   -> linking to /dotnet/how-to/deploy-process#customise-dotnet-runtime-environment[39m
[33m- Broken anchor on source page path = /dotnet/how-to/shared-storage:[39m
[33m   -> linking to /dotnet/how-to/shared-storage#create-a-project-with-a-dotnet-service-and-a-shared-storage[39m
[33m- Broken anchor on source page path = /features/env-variables:[39m
[33m   -> linking to /dotnet/how-to/env-variables#how-to-read-env-variables-from-your-dotnet-app[39m
[33m- Broken anchor on source page path = /features/pipeline:[39m
[33m   -> linking to /nodejs/how-to/build-process##nodejs-build-hardware-resources[39m
[33m   -> linking to /dotnet/how-to/build-process#dotnet-build-hardware-resources[39m
[33m   -> linking to /dotnet/how-to/build-process#customise-dotnet-build-environment[39m
[33m   -> linking to /go/how-to/deploy-process#customise-go-runtime-environment[39m
[33m- Broken anchor on source page path = /go/how-to/build-pipeline:[39m
[33m   -> linking to /go/how-to/build-pipeline#deployFiles[39m
[33m   -> linking to /go/how-to/build-pipeline#deploy[39m
[33m   -> linking to /go/how-to/build-pipeline#how-to-use-wildcard-in-path[39m
[33m   -> linking to /go/how-to/create#set-environment-variables[39m
[33m- Broken anchor on source page path = /go/how-to/build-process:[39m
[33m   -> linking to /go/how-to/build-pipeline#build[39m
[33m- Broken anchor on source page path = /go/how-to/deploy-process:[39m
[33m   -> linking to /go/how-to/deploy-process#customise-go-runtime-environment[39m
[33m- Broken anchor on source page path = /java/how-to/build-pipeline:[39m
[33m   -> linking to /java/how-to/build-pipeline#deployFiles[39m
[33m   -> linking to /java/how-to/build-pipeline#deploy[39m
[33m   -> linking to /java/how-to/build-pipeline#how-to-use-wildcard-in-path[39m
[33m   -> linking to /java/how-to/create#set-environment-variables[39m
[33m- Broken anchor on source page path = /java/how-to/build-process:[39m
[33m   -> linking to /java/how-to/build-pipeline#build[39m
[33m- Broken anchor on source page path = /java/how-to/deploy-process:[39m
[33m   -> linking to /java/how-to/deploy-process#customise-java-runtime-environment[39m
[33m- Broken anchor on source page path = /mariadb/how-to/manage:[39m
[33m   -> linking to #copy-access-details-from-zerops-gui (resolved as: /mariadb/how-to/manage#copy-access-details-from-zerops-gui)[39m
[33m- Broken anchor on source page path = /nodejs/how-to/build-pipeline:[39m
[33m   -> linking to /nodejs/how-to/build-pipeline#deploy[39m
[33m   -> linking to /nodejs/how-to/build-pipeline#how-to-use-wildcard-in-path[39m
[33m   -> linking to /nodejs/how-to/create#set-environment-variables[39m
[33m- Broken anchor on source page path = /nodejs/how-to/build-process:[39m
[33m   -> linking to /nodejs/how-to/build-pipeline#build[39m
[33m- Broken anchor on source page path = /nodejs/overview:[39m
[33m   -> linking to /nodejs/how-to/deploy-process#customise-nodejs-runtime-environment[39m
[33m- Broken anchor on source page path = /php/how-to/build-pipeline:[39m
[33m   -> linking to /php/how-to/build-pipeline#deployFiles[39m
[33m   -> linking to /php/how-to/build-pipeline#deploy[39m
[33m   -> linking to /php/how-to/build-pipeline#how-to-use-wildcard-in-path[39m
[33m   -> linking to /php/how-to/build-pipeline#customize-web-server[39m
[33m   -> linking to /php/how-to/build-pipeline#start[39m
[33m   -> linking to /php/how-to/create#set-environment-variables[39m
[33m- Broken anchor on source page path = /php/how-to/build-process:[39m
[33m   -> linking to /php/how-to/build-pipeline#build[39m
[33m- Broken anchor on source page path = /php/how-to/deploy-process:[39m
[33m   -> linking to /php/how-to/build-pipeline#start[39m
[33m   -> linking to /php/how-to/deploy-process#customise-php-runtime-environment[39m
[33m- Broken anchor on source page path = /postgresql/how-to/manage:[39m
[33m   -> linking to #copy-access-details-from-zerops-gui (resolved as: /postgresql/how-to/manage#copy-access-details-from-zerops-gui)[39m
[33m- Broken anchor on source page path = /python/how-to/build-pipeline:[39m
[33m   -> linking to /python/how-to/build-pipeline#deploy[39m
[33m   -> linking to /python/how-to/build-pipeline#how-to-use-wildcard-in-path[39m
[33m   -> linking to /python/how-to/create#set-environment-variables[39m
[33m- Broken anchor on source page path = /python/how-to/deploy-process:[39m
[33m   -> linking to /python/how-to/deploy-process#customise-python-runtime-environment[39m
[33m- Broken anchor on source page path = /rust/how-to/build-pipeline:[39m
[33m   -> linking to /rust/how-to/build-pipeline#deploy[39m
[33m   -> linking to /rust/how-to/build-pipeline#how-to-use-wildcard-in-path[39m
[33m   -> linking to /rust/how-to/create#set-environment-variables[39m
[33m- Broken anchor on source page path = /rust/how-to/build-process:[39m
[33m   -> linking to /rust/how-to/build-pipeline#build[39m
[33m- Broken anchor on source page path = /rust/how-to/deploy-process:[39m
[33m   -> linking to /rust/how-to/deploy-process#customise-rust-runtime-environment[39m
[33m- Broken anchor on source page path = /shared-storage/how-to/create:[39m
[33m   -> linking to /dotnet/how-to/shared-storage/#create-dotnet-service-with-a-shared-storage-using-zcli[39m
[33m[39m
[32m[1m[SUCCESS][22m[39m Generated static files in [36m[4m"build"[24m[39m.
[36m[1m[INFO][22m[39m Use [36m`npm run serve`[39m command to test your build locally.
